<?xml version="1.0" encoding="UTF-8"?>
<testng-results ignored="0" total="1" passed="1" failed="0" skipped="0">
  <reporter-output>
  </reporter-output>
  <suite started-at="2022-07-21T17:46:18 IST" name="Default suite" finished-at="2022-07-21T17:46:52 IST" duration-ms="33519">
    <groups>
    </groups>
    <test started-at="2022-07-21T17:46:18 IST" name="Default test" finished-at="2022-07-21T17:46:52 IST" duration-ms="33519">
      <class name="maven.testpro">
        <test-method is-config="true" signature="beforeTest()[pri:0, instance:maven.testpro@ffaa6af]" started-at="2022-07-21T17:46:18 IST" name="beforeTest" finished-at="2022-07-21T17:46:40 IST" duration-ms="21281" status="PASS">
          <reporter-output>
          </reporter-output>
        </test-method> <!-- beforeTest -->
        <test-method signature="f()[pri:0, instance:maven.testpro@ffaa6af]" started-at="2022-07-21T17:46:40 IST" name="f" finished-at="2022-07-21T17:46:52 IST" duration-ms="11951" status="PASS">
          <reporter-output>
          </reporter-output>
        </test-method> <!-- f -->
        <test-method is-config="true" signature="afterTest()[pri:0, instance:maven.testpro@ffaa6af]" started-at="2022-07-21T17:46:52 IST" name="afterTest" finished-at="2022-07-21T17:46:52 IST" duration-ms="219" status="PASS">
          <reporter-output>
          </reporter-output>
        </test-method> <!-- afterTest -->
      </class> <!-- maven.testpro -->
    </test> <!-- Default test -->
  </suite> <!-- Default suite -->
</testng-results>
