<?xml version="1.0" encoding="UTF-8"?>
<testng-results ignored="0" total="1" passed="1" failed="0" skipped="0">
  <reporter-output>
  </reporter-output>
  <suite started-at="2022-07-22T12:18:36 IST" name="maven.Testpro1" finished-at="2022-07-22T12:19:01 IST" duration-ms="25062">
    <groups>
    </groups>
    <test started-at="2022-07-22T12:18:36 IST" name="Command line test" finished-at="2022-07-22T12:19:01 IST" duration-ms="25062">
      <class name="maven.Testpro1">
        <test-method is-config="true" signature="beforeTest()[pri:0, instance:maven.Testpro1@38d8f54a]" started-at="2022-07-22T12:18:36 IST" name="beforeTest" finished-at="2022-07-22T12:18:47 IST" duration-ms="10626" status="PASS">
          <reporter-output>
          </reporter-output>
        </test-method> <!-- beforeTest -->
        <test-method signature="f()[pri:0, instance:maven.Testpro1@38d8f54a]" started-at="2022-07-22T12:18:47 IST" name="f" finished-at="2022-07-22T12:19:01 IST" duration-ms="14276" status="PASS">
          <reporter-output>
          </reporter-output>
        </test-method> <!-- f -->
        <test-method is-config="true" signature="afterTest()[pri:0, instance:maven.Testpro1@38d8f54a]" started-at="2022-07-22T12:19:01 IST" name="afterTest" finished-at="2022-07-22T12:19:01 IST" duration-ms="133" status="PASS">
          <reporter-output>
          </reporter-output>
        </test-method> <!-- afterTest -->
      </class> <!-- maven.Testpro1 -->
    </test> <!-- Command line test -->
  </suite> <!-- maven.Testpro1 -->
</testng-results>
